<?xml version="1.0" encoding="UTF-8"?>
<!-- Generated by org.testng.reporters.JUnitXMLReporter -->
<testsuite hostname="58-s07" ignored="0" name="HolaQuizTest" tests="1" failures="1" timestamp="16 May 2021 11:29:20 GMT" time="7.064" errors="0">
  <testcase name="TC_001_VerifyHeaderTest" time="0.098" classname="com.vapronixweb.holaquiz.scripts.DashboardTest">
    <failure type="java.lang.AssertionError" message="expected [false] but found [true]">
      <![CDATA[java.lang.AssertionError: expected [false] but found [true]at com.vapronixweb.pageobject.DashboardPage.verifyAllHeaderElements(DashboardPage.java:18)at com.vapronixweb.holaquiz.scripts.DashboardTest.TC_001_VerifyHeaderTest(DashboardTest.java:11)... Removed 29 stack frames]]>
    </failure>
  </testcase> <!-- TC_001_VerifyHeaderTest -->
</testsuite> <!-- HolaQuizTest -->
